# JRE version: Java(TM) SE Runtime Environment (9.0+11) (build 9.0.4+11)
# Java VM: Java HotSpot(TM) 64-Bit Server VM (9.0.4+11, mixed mode, tiered, compressed oops, g1 gc, windows-amd64)
Heap:
 garbage-first heap   total 227328K, used 114183K [0x0000000700000000, 0x00000007001006f0, 0x00000007c0000000)
  region size 1024K, 44 young (45056K), 1 survivors (1024K)
 Metaspace       used 82929K, capacity 89527K, committed 89676K, reserved 1126400K
  class space    used 11374K, capacity 12514K, committed 12620K, reserved 1048576K
GC Heap History (10 events):
Event: 2036.528 GC heap before
{Heap before GC invocations=353 (full 235):
 garbage-first heap   total 227328K, used 131906K [0x0000000700000000, 0x00000007001006f0, 0x00000007c0000000)
  region size 1024K, 60 young (61440K), 0 survivors (0K)
 Metaspace       used 82888K, capacity 89399K, committed 89676K, reserved 1126400K
  class space    used 11374K, capacity 12514K, committed 12620K, reserved 1048576K
}
Event: 2036.534 GC heap after
{Heap after GC invocations=354 (full 235):
 garbage-first heap   total 227328K, used 71065K [0x0000000700000000, 0x00000007001006f0, 0x00000007c0000000)
  region size 1024K, 1 young (1024K), 1 survivors (1024K)
 Metaspace       used 82888K, capacity 89399K, committed 89676K, reserved 1126400K
  class space    used 11374K, capacity 12514K, committed 12620K, reserved 1048576K
}
Event: 2038.462 GC heap before
{Heap before GC invocations=354 (full 235):
 garbage-first heap   total 227328K, used 131481K [0x0000000700000000, 0x00000007001006f0, 0x00000007c0000000)
  region size 1024K, 60 young (61440K), 1 survivors (1024K)
 Metaspace       used 82890K, capacity 89399K, committed 89676K, reserved 1126400K
  class space    used 11374K, capacity 12514K, committed 12620K, reserved 1048576K
}
Event: 2038.468 GC heap after
{Heap after GC invocations=355 (full 235):
 garbage-first heap   total 227328K, used 71645K [0x0000000700000000, 0x00000007001006f0, 0x00000007c0000000)
  region size 1024K, 2 young (2048K), 2 survivors (2048K)
 Metaspace       used 82890K, capacity 89399K, committed 89676K, reserved 1126400K
  class space    used 11374K, capacity 12514K, committed 12620K, reserved 1048576K
}
Event: 2038.608 GC heap before
{Heap before GC invocations=355 (full 235):
 garbage-first heap   total 227328K, used 131037K [0x0000000700000000, 0x00000007001006f0, 0x00000007c0000000)
  region size 1024K, 60 young (61440K), 2 survivors (2048K)
 Metaspace       used 82904K, capacity 89399K, committed 89676K, reserved 1126400K
  class space    used 11374K, capacity 12514K, committed 12620K, reserved 1048576K
}
Event: 2038.612 GC heap after
{Heap after GC invocations=356 (full 235):
 garbage-first heap   total 227328K, used 71099K [0x0000000700000000, 0x00000007001006f0, 0x00000007c0000000)
  region size 1024K, 1 young (1024K), 1 survivors (1024K)
 Metaspace       used 82904K, capacity 89399K, committed 89676K, reserved 1126400K
  class space    used 11374K, capacity 12514K, committed 12620K, reserved 1048576K
}
Event: 2040.802 GC heap before
{Heap before GC invocations=356 (full 235):
 garbage-first heap   total 227328K, used 108987K [0x0000000700000000, 0x00000007001006f0, 0x00000007c0000000)
  region size 1024K, 39 young (39936K), 1 survivors (1024K)
 Metaspace       used 82906K, capacity 89399K, committed 89676K, reserved 1126400K
  class space    used 11374K, capacity 12514K, committed 12620K, reserved 1048576K
}
Event: 2041.019 GC heap after
{Heap after GC invocations=357 (full 236):
 garbage-first heap   total 227328K, used 70710K [0x0000000700000000, 0x00000007001006f0, 0x00000007c0000000)
  region size 1024K, 0 young (0K), 0 survivors (0K)
 Metaspace       used 82906K, capacity 89399K, committed 89676K, reserved 1126400K
  class space    used 11374K, capacity 12514K, committed 12620K, reserved 1048576K
}
Event: 2044.474 GC heap before
{Heap before GC invocations=357 (full 236):
 garbage-first heap   total 227328K, used 132150K [0x0000000700000000, 0x00000007001006f0, 0x00000007c0000000)
  region size 1024K, 60 young (61440K), 0 survivors (0K)
 Metaspace       used 82909K, capacity 89463K, committed 89676K, reserved 1126400K
  class space    used 11374K, capacity 12514K, committed 12620K, reserved 1048576K
}
Event: 2044.478 GC heap after
{Heap after GC invocations=358 (full 236):
 garbage-first heap   total 227328K, used 71175K [0x0000000700000000, 0x00000007001006f0, 0x00000007c0000000)
  region size 1024K, 1 young (1024K), 1 survivors (1024K)
 Metaspace       used 82909K, capacity 89463K, committed 89676K, reserved 1126400K
  class space    used 11374K, capacity 12514K, committed 12620K, reserved 1048576K
}

